<?xml version="1.0" encoding="UTF-8"?>
<testng-results ignored="0" total="1" passed="1" failed="0" skipped="0">
  <reporter-output>
  </reporter-output>
  <suite started-at="2023-04-23T19:00:02 IST" name="Default suite" finished-at="2023-04-23T19:00:11 IST" duration-ms="9783">
    <groups>
    </groups>
    <test started-at="2023-04-23T19:00:02 IST" name="Default test" finished-at="2023-04-23T19:00:11 IST" duration-ms="9783">
      <class name="firsttestngpackage.FirstTestNGFile">
        <test-method is-config="true" signature="launchBrowser()[pri:0, instance:firsttestngpackage.FirstTestNGFile@dbf57b3]" started-at="2023-04-23T19:00:02 IST" name="launchBrowser" finished-at="2023-04-23T19:00:10 IST" duration-ms="8261" status="PASS">
          <reporter-output>
          </reporter-output>
        </test-method> <!-- launchBrowser -->
        <test-method is-config="true" signature="verifyHomepageTitle()[pri:0, instance:firsttestngpackage.FirstTestNGFile@dbf57b3]" started-at="2023-04-23T19:00:10 IST" name="verifyHomepageTitle" finished-at="2023-04-23T19:00:10 IST" duration-ms="6" status="PASS">
          <reporter-output>
          </reporter-output>
        </test-method> <!-- verifyHomepageTitle -->
        <test-method signature="register()[pri:0, instance:firsttestngpackage.FirstTestNGFile@dbf57b3]" started-at="2023-04-23T19:00:10 IST" name="register" finished-at="2023-04-23T19:00:11 IST" duration-ms="708" status="PASS">
          <reporter-output>
          </reporter-output>
        </test-method> <!-- register -->
        <test-method is-config="true" signature="goBackToHomepage()[pri:0, instance:firsttestngpackage.FirstTestNGFile@dbf57b3]" started-at="2023-04-23T19:00:11 IST" name="goBackToHomepage" finished-at="2023-04-23T19:00:11 IST" duration-ms="697" status="PASS">
          <reporter-output>
          </reporter-output>
        </test-method> <!-- goBackToHomepage -->
        <test-method is-config="true" signature="terminateBrowser()[pri:0, instance:firsttestngpackage.FirstTestNGFile@dbf57b3]" started-at="2023-04-23T19:00:11 IST" name="terminateBrowser" finished-at="2023-04-23T19:00:11 IST" duration-ms="94" status="PASS">
          <reporter-output>
          </reporter-output>
        </test-method> <!-- terminateBrowser -->
      </class> <!-- firsttestngpackage.FirstTestNGFile -->
    </test> <!-- Default test -->
  </suite> <!-- Default suite -->
</testng-results>
