<?xml version="1.0" encoding="UTF-8"?>
<!-- Generated by org.testng.reporters.JUnitXMLReporter -->
<testsuite ignored="0" hostname="Pikachu" failures="0" tests="4" name="Default test" time="16.884" errors="0" timestamp="2023-05-01T13:21:37 IST">
  <testcase classname="com.NewTest" name="testo" time="0.151"/>
  <testcase classname="com.NewTest" name="testo" time="0.097"/>
  <testcase classname="com.NewTest" name="testo" time="0.091"/>
  <testcase classname="com.NewTest" name="testo" time="4.576"/>
</testsuite> <!-- Default test -->
