<?xml version="1.0" encoding="UTF-8"?>
<testng-results ignored="0" total="4" passed="4" failed="0" skipped="0">
  <reporter-output>
  </reporter-output>
  <suite started-at="2023-05-01T13:21:20 IST" name="Default suite" finished-at="2023-05-01T13:21:37 IST" duration-ms="16884">
    <groups>
    </groups>
    <test started-at="2023-05-01T13:21:20 IST" name="Default test" finished-at="2023-05-01T13:21:37 IST" duration-ms="16884">
      <class name="com.NewTest">
        <test-method is-config="true" signature="launchBrowser()[pri:0, instance:com.NewTest@6b81ce95]" started-at="2023-05-01T13:21:20 IST" name="launchBrowser" finished-at="2023-05-01T13:21:32 IST" duration-ms="11519" status="PASS">
          <reporter-output>
          </reporter-output>
        </test-method> <!-- launchBrowser -->
        <test-method is-config="true" signature="verifyHomepageTitle()[pri:0, instance:com.NewTest@6b81ce95]" started-at="2023-05-01T13:21:32 IST" name="verifyHomepageTitle" finished-at="2023-05-01T13:21:32 IST" duration-ms="6" status="PASS">
          <reporter-output>
          </reporter-output>
        </test-method> <!-- verifyHomepageTitle -->
        <test-method signature="testo(java.lang.String,java.lang.String)[pri:0, instance:com.NewTest@6b81ce95]" started-at="2023-05-01T13:21:32 IST" name="testo" data-provider="testdata" finished-at="2023-05-01T13:21:32 IST" duration-ms="151" status="PASS">
          <params>
            <param index="0">
              <value>
                <![CDATA[stud]]>
              </value>
            </param>
            <param index="1">
              <value>
                <![CDATA[pass]]>
              </value>
            </param>
          </params>
          <reporter-output>
          </reporter-output>
        </test-method> <!-- testo -->
        <test-method is-config="true" signature="verifyHomepageTitle()[pri:0, instance:com.NewTest@6b81ce95]" started-at="2023-05-01T13:21:32 IST" name="verifyHomepageTitle" finished-at="2023-05-01T13:21:32 IST" duration-ms="5" status="PASS">
          <reporter-output>
          </reporter-output>
        </test-method> <!-- verifyHomepageTitle -->
        <test-method signature="testo(java.lang.String,java.lang.String)[pri:0, instance:com.NewTest@6b81ce95]" started-at="2023-05-01T13:21:32 IST" name="testo" data-provider="testdata" finished-at="2023-05-01T13:21:32 IST" duration-ms="97" status="PASS">
          <params>
            <param index="0">
              <value>
                <![CDATA[student]]>
              </value>
            </param>
            <param index="1">
              <value>
                <![CDATA[pass]]>
              </value>
            </param>
          </params>
          <reporter-output>
          </reporter-output>
        </test-method> <!-- testo -->
        <test-method is-config="true" signature="verifyHomepageTitle()[pri:0, instance:com.NewTest@6b81ce95]" started-at="2023-05-01T13:21:32 IST" name="verifyHomepageTitle" finished-at="2023-05-01T13:21:32 IST" duration-ms="4" status="PASS">
          <reporter-output>
          </reporter-output>
        </test-method> <!-- verifyHomepageTitle -->
        <test-method signature="testo(java.lang.String,java.lang.String)[pri:0, instance:com.NewTest@6b81ce95]" started-at="2023-05-01T13:21:32 IST" name="testo" data-provider="testdata" finished-at="2023-05-01T13:21:32 IST" duration-ms="91" status="PASS">
          <params>
            <param index="0">
              <value>
                <![CDATA[stud]]>
              </value>
            </param>
            <param index="1">
              <value>
                <![CDATA[Password123]]>
              </value>
            </param>
          </params>
          <reporter-output>
          </reporter-output>
        </test-method> <!-- testo -->
        <test-method is-config="true" signature="verifyHomepageTitle()[pri:0, instance:com.NewTest@6b81ce95]" started-at="2023-05-01T13:21:32 IST" name="verifyHomepageTitle" finished-at="2023-05-01T13:21:32 IST" duration-ms="3" status="PASS">
          <reporter-output>
          </reporter-output>
        </test-method> <!-- verifyHomepageTitle -->
        <test-method signature="testo(java.lang.String,java.lang.String)[pri:0, instance:com.NewTest@6b81ce95]" started-at="2023-05-01T13:21:32 IST" name="testo" data-provider="testdata" finished-at="2023-05-01T13:21:37 IST" duration-ms="4576" status="PASS">
          <params>
            <param index="0">
              <value>
                <![CDATA[student]]>
              </value>
            </param>
            <param index="1">
              <value>
                <![CDATA[Password123]]>
              </value>
            </param>
          </params>
          <reporter-output>
          </reporter-output>
        </test-method> <!-- testo -->
        <test-method is-config="true" signature="terminateBrowser()[pri:0, instance:com.NewTest@6b81ce95]" started-at="2023-05-01T13:21:37 IST" name="terminateBrowser" finished-at="2023-05-01T13:21:37 IST" duration-ms="73" status="PASS">
          <reporter-output>
          </reporter-output>
        </test-method> <!-- terminateBrowser -->
      </class> <!-- com.NewTest -->
    </test> <!-- Default test -->
  </suite> <!-- Default suite -->
</testng-results>
